Base path: /Applications/Unity/Unity4.5.app/Contents
Pipe name: \\.\pipe\UnityShaderCompiler-4--1333477376
Cmd: getPlatforms
Cmd: compileSnippet
  api=9 type=0 insize=1381 outsize=10041 kw= ok=1
Cmd: compileSnippet
  api=9 type=0 insize=1788 outsize=10324 kw= ok=1
Cmd: compileSnippet
  api=9 type=0 insize=2219 outsize=11405 kw= ok=1
Cmd: compileSnippet
  api=9 type=0 insize=1852 outsize=10405 kw= ok=1
Cmd: compileSnippet
  api=9 type=1 insize=924 outsize=7 kw= ok=1
Cmd: compileSnippet
  api=9 type=0 insize=1329 outsize=9327 kw= ok=1
Cmd: compileSnippet
  api=9 type=1 insize=1252 outsize=7 kw= ok=1
Cmd: compileSnippet
  api=9 type=1 insize=2284 outsize=7 kw= ok=1
Cmd: compileSnippet
  api=9 type=0 insize=942 outsize=631 kw= ok=1
Cmd: compileSnippet
  api=9 type=1 insize=1051 outsize=7 kw= ok=1
